args: [-s, 20, -p, com.nongfadai.android.beta3220, --hprof, --throttle, 500, --ignore-crashes, --ignore-timeouts, --ignore-security-exceptions, --ignore-native-crashes, --monitor-native-crashes, --pct-syskeys, 10, -v, -v, -v, 100000]
 arg: "-s"
 arg: "20"
 arg: "-p"
 arg: "com.nongfadai.android.beta3220"
 arg: "--hprof"
 arg: "--throttle"
 arg: "500"
 arg: "--ignore-crashes"
 arg: "--ignore-timeouts"
 arg: "--ignore-security-exceptions"
 arg: "--ignore-native-crashes"
 arg: "--monitor-native-crashes"
 arg: "--pct-syskeys"
 arg: "10"
 arg: "-v"
 arg: "-v"
 arg: "-v"
 arg: "100000"
data="20"
data="com.nongfadai.android.beta3220"
arg="--hprof" mCurArgData="null" mNextArg=5 argwas="--hprof" nextarg="--throttle"
arg="--throttle" mCurArgData="null" mNextArg=6 argwas="--throttle" nextarg="500"
data="500"
arg="--ignore-crashes" mCurArgData="null" mNextArg=8 argwas="--ignore-crashes" nextarg="--ignore-timeouts"
arg="--ignore-timeouts" mCurArgData="null" mNextArg=9 argwas="--ignore-timeouts" nextarg="--ignore-security-exceptions"
arg="--ignore-security-exceptions" mCurArgData="null" mNextArg=10 argwas="--ignore-security-exceptions" nextarg="--ignore-native-crashes"
arg="--ignore-native-crashes" mCurArgData="null" mNextArg=11 argwas="--ignore-native-crashes" nextarg="--monitor-native-crashes"
arg="--monitor-native-crashes" mCurArgData="null" mNextArg=12 argwas="--monitor-native-crashes" nextarg="--pct-syskeys"
arg="--pct-syskeys" mCurArgData="null" mNextArg=13 argwas="--pct-syskeys" nextarg="10"
data="10"
